# JRE version: Java(TM) SE Runtime Environment (18.0.2.1+1) (build 18.0.2.1+1-1)
# Java VM: Java HotSpot(TM) 64-Bit Server VM (18.0.2.1+1-1, mixed mode, emulated-client, sharing, tiered, compressed oops, compressed class ptrs, g1 gc, windows-amd64)
GC Precious Log:
 CardTable entry size: 512
 Card Set container configuration: InlinePtr #cards 4 size 8 Array Of Cards #cards 16 size 48 Howl #buckets 8 coarsen threshold 3686 Howl Bitmap #cards 512 size 80 coarsen threshold 460 Card regions per heap region 1 cards per card region 4096
 CPUs: 8 total, 8 available
 Memory: 16179M
 Large Page Support: Disabled
 NUMA Support: Disabled
 Compressed Oops: Enabled (Zero based)
 Heap Region Size: 2M
 Heap Min Capacity: 8M
 Heap Initial Capacity: 254M
 Heap Max Capacity: 4046M
 Pre-touch: Disabled
 Parallel Workers: 8
 Concurrent Workers: 2
 Concurrent Refinement Workers: 8
 Periodic GC: Disabled
Heap:
 garbage-first heap   total 102400K, used 68631K [0x0000000703200000, 0x0000000800000000)
  region size 2048K, 21 young (43008K), 2 survivors (4096K)
 Metaspace       used 69939K, committed 71040K, reserved 1114112K
  class space    used 9246K, committed 9792K, reserved 1048576K
GC Heap History (20 events):
Event: 11122.688 GC heap before
{Heap before GC invocations=109 (full 29):
 garbage-first heap   total 102400K, used 76296K [0x0000000703200000, 0x0000000800000000)
  region size 2048K, 24 young (49152K), 0 survivors (0K)
 Metaspace       used 69076K, committed 70080K, reserved 1114112K
  class space    used 9171K, committed 9664K, reserved 1048576K
}
Event: 11122.690 GC heap after
{Heap after GC invocations=110 (full 29):
 garbage-first heap   total 102400K, used 31716K [0x0000000703200000, 0x0000000800000000)
  region size 2048K, 2 young (4096K), 2 survivors (4096K)
 Metaspace       used 69076K, committed 70080K, reserved 1114112K
  class space    used 9171K, committed 9664K, reserved 1048576K
}
Event: 11123.267 GC heap before
{Heap before GC invocations=110 (full 29):
 garbage-first heap   total 102400K, used 76772K [0x0000000703200000, 0x0000000800000000)
  region size 2048K, 24 young (49152K), 2 survivors (4096K)
 Metaspace       used 69292K, committed 70336K, reserved 1114112K
  class space    used 9192K, committed 9728K, reserved 1048576K
}
Event: 11123.271 GC heap after
{Heap after GC invocations=111 (full 29):
 garbage-first heap   total 102400K, used 34890K [0x0000000703200000, 0x0000000800000000)
  region size 2048K, 3 young (6144K), 3 survivors (6144K)
 Metaspace       used 69292K, committed 70336K, reserved 1114112K
  class space    used 9192K, committed 9728K, reserved 1048576K
}
Event: 11353.873 GC heap before
{Heap before GC invocations=111 (full 29):
 garbage-first heap   total 102400K, used 69706K [0x0000000703200000, 0x0000000800000000)
  region size 2048K, 21 young (43008K), 3 survivors (6144K)
 Metaspace       used 69308K, committed 70336K, reserved 1114112K
  class space    used 9194K, committed 9728K, reserved 1048576K
}
Event: 11353.915 GC heap after
{Heap after GC invocations=112 (full 30):
 garbage-first heap   total 102400K, used 29362K [0x0000000703200000, 0x0000000800000000)
  region size 2048K, 0 young (0K), 0 survivors (0K)
 Metaspace       used 69305K, committed 70336K, reserved 1114112K
  class space    used 9194K, committed 9728K, reserved 1048576K
}
Event: 11354.122 GC heap before
{Heap before GC invocations=112 (full 30):
 garbage-first heap   total 102400K, used 76466K [0x0000000703200000, 0x0000000800000000)
  region size 2048K, 24 young (49152K), 0 survivors (0K)
 Metaspace       used 69321K, committed 70400K, reserved 1114112K
  class space    used 9197K, committed 9728K, reserved 1048576K
}
Event: 11354.124 GC heap after
{Heap after GC invocations=113 (full 30):
 garbage-first heap   total 102400K, used 31727K [0x0000000703200000, 0x0000000800000000)
  region size 2048K, 2 young (4096K), 2 survivors (4096K)
 Metaspace       used 69321K, committed 70400K, reserved 1114112K
  class space    used 9197K, committed 9728K, reserved 1048576K
}
Event: 11354.784 GC heap before
{Heap before GC invocations=113 (full 30):
 garbage-first heap   total 102400K, used 78831K [0x0000000703200000, 0x0000000800000000)
  region size 2048K, 25 young (51200K), 2 survivors (4096K)
 Metaspace       used 69522K, committed 70592K, reserved 1114112K
  class space    used 9211K, committed 9728K, reserved 1048576K
}
Event: 11354.787 GC heap after
{Heap after GC invocations=114 (full 30):
 garbage-first heap   total 102400K, used 35226K [0x0000000703200000, 0x0000000800000000)
  region size 2048K, 3 young (6144K), 3 survivors (6144K)
 Metaspace       used 69522K, committed 70592K, reserved 1114112K
  class space    used 9211K, committed 9728K, reserved 1048576K
}
Event: 11460.610 GC heap before
{Heap before GC invocations=114 (full 30):
 garbage-first heap   total 102400K, used 57754K [0x0000000703200000, 0x0000000800000000)
  region size 2048K, 15 young (30720K), 3 survivors (6144K)
 Metaspace       used 69527K, committed 70592K, reserved 1114112K
  class space    used 9212K, committed 9728K, reserved 1048576K
}
Event: 11460.652 GC heap after
{Heap after GC invocations=115 (full 31):
 garbage-first heap   total 102400K, used 30306K [0x0000000703200000, 0x0000000800000000)
  region size 2048K, 0 young (0K), 0 survivors (0K)
 Metaspace       used 69515K, committed 70592K, reserved 1114112K
  class space    used 9210K, committed 9728K, reserved 1048576K
}
Event: 11460.839 GC heap before
{Heap before GC invocations=115 (full 31):
 garbage-first heap   total 102400K, used 73314K [0x0000000703200000, 0x0000000800000000)
  region size 2048K, 22 young (45056K), 0 survivors (0K)
 Metaspace       used 69530K, committed 70592K, reserved 1114112K
  class space    used 9212K, committed 9728K, reserved 1048576K
}
Event: 11460.841 GC heap after
{Heap after GC invocations=116 (full 31):
 garbage-first heap   total 102400K, used 32675K [0x0000000703200000, 0x0000000800000000)
  region size 2048K, 2 young (4096K), 2 survivors (4096K)
 Metaspace       used 69530K, committed 70592K, reserved 1114112K
  class space    used 9212K, committed 9728K, reserved 1048576K
}
Event: 11461.448 GC heap before
{Heap before GC invocations=116 (full 31):
 garbage-first heap   total 102400K, used 75683K [0x0000000703200000, 0x0000000800000000)
  region size 2048K, 23 young (47104K), 2 survivors (4096K)
 Metaspace       used 69727K, committed 70784K, reserved 1114112K
  class space    used 9226K, committed 9728K, reserved 1048576K
}
Event: 11461.451 GC heap after
{Heap after GC invocations=117 (full 31):
 garbage-first heap   total 102400K, used 35472K [0x0000000703200000, 0x0000000800000000)
  region size 2048K, 3 young (6144K), 3 survivors (6144K)
 Metaspace       used 69727K, committed 70784K, reserved 1114112K
  class space    used 9226K, committed 9728K, reserved 1048576K
}
Event: 11613.082 GC heap before
{Heap before GC invocations=117 (full 31):
 garbage-first heap   total 102400K, used 70288K [0x0000000703200000, 0x0000000800000000)
  region size 2048K, 21 young (43008K), 3 survivors (6144K)
 Metaspace       used 69744K, committed 70848K, reserved 1114112K
  class space    used 9229K, committed 9792K, reserved 1048576K
}
Event: 11613.123 GC heap after
{Heap after GC invocations=118 (full 32):
 garbage-first heap   total 102400K, used 29282K [0x0000000703200000, 0x0000000800000000)
  region size 2048K, 0 young (0K), 0 survivors (0K)
 Metaspace       used 69741K, committed 70848K, reserved 1114112K
  class space    used 9229K, committed 9792K, reserved 1048576K
}
Event: 11613.344 GC heap before
{Heap before GC invocations=118 (full 32):
 garbage-first heap   total 102400K, used 74338K [0x0000000703200000, 0x0000000800000000)
  region size 2048K, 23 young (47104K), 0 survivors (0K)
 Metaspace       used 69762K, committed 70848K, reserved 1114112K
  class space    used 9232K, committed 9792K, reserved 1048576K
}
Event: 11613.346 GC heap after
{Heap after GC invocations=119 (full 32):
 garbage-first heap   total 102400K, used 31767K [0x0000000703200000, 0x0000000800000000)
  region size 2048K, 2 young (4096K), 2 survivors (4096K)
 Metaspace       used 69762K, committed 70848K, reserved 1114112K
  class space    used 9232K, committed 9792K, reserved 1048576K
}

